
*** Running vivado
    with args -log top_fsm.vdi -applog -m64 -product Vivado -messageDb vivado.pb -mode batch -source top_fsm.tcl -notrace


ECHO est  desactivado.
ECHO est  desactivado.

****** Vivado v2023.2 (64-bit)
  **** SW Build 4029153 on Fri Oct 13 20:14:34 MDT 2023
  **** IP Build 4028589 on Sat Oct 14 00:45:43 MDT 2023
  **** SharedData Build 4025554 on Tue Oct 10 17:18:54 MDT 2023
    ** Copyright 1986-2022 Xilinx, Inc. All Rights Reserved.
    ** Copyright 2022-2023 Advanced Micro Devices, Inc. All Rights Reserved.

source top_fsm.tcl -notrace
create_project: Time (s): cpu = 00:00:03 ; elapsed = 00:00:10 . Memory (MB): peak = 462.488 ; gain = 181.145
Command: link_design -top top_fsm -part xc7a35tcpg236-1
Design is defaulting to srcset: sources_1
Design is defaulting to constrset: constrs_1
INFO: [Device 21-403] Loading part xc7a35tcpg236-1
Netlist sorting complete. Time (s): cpu = 00:00:00 ; elapsed = 00:00:00 . Memory (MB): peak = 860.512 ; gain = 0.000
INFO: [Netlist 29-17] Analyzing 7 Unisim elements for replacement
INFO: [Netlist 29-28] Unisim Transformation completed in 0 CPU seconds
INFO: [Project 1-479] Netlist was created with Vivado 2023.2
INFO: [Project 1-570] Preparing netlist for logic optimization
Parsing XDC File [E:/Programs/Proyectos/project_1/project_1.srcs/constrs_1/new/basys3_constraint.xdc]
WARNING: [Vivado 12-584] No ports matched 'sw[6]'. [E:/Programs/Proyectos/project_1/project_1.srcs/constrs_1/new/basys3_constraint.xdc:24]
CRITICAL WARNING: [Common 17-55] 'set_property' expects at least one object. [E:/Programs/Proyectos/project_1/project_1.srcs/constrs_1/new/basys3_constraint.xdc:24]
Resolution: If [get_<value>] was used to populate the object, check to make sure this command returns at least one valid object.
WARNING: [Vivado 12-584] No ports matched 'sw[6]'. [E:/Programs/Proyectos/project_1/project_1.srcs/constrs_1/new/basys3_constraint.xdc:25]
CRITICAL WARNING: [Common 17-55] 'set_property' expects at least one object. [E:/Programs/Proyectos/project_1/project_1.srcs/constrs_1/new/basys3_constraint.xdc:25]
Resolution: If [get_<value>] was used to populate the object, check to make sure this command returns at least one valid object.
WARNING: [Vivado 12-584] No ports matched 'sw[7]'. [E:/Programs/Proyectos/project_1/project_1.srcs/constrs_1/new/basys3_constraint.xdc:26]
CRITICAL WARNING: [Common 17-55] 'set_property' expects at least one object. [E:/Programs/Proyectos/project_1/project_1.srcs/constrs_1/new/basys3_constraint.xdc:26]
Resolution: If [get_<value>] was used to populate the object, check to make sure this command returns at least one valid object.
WARNING: [Vivado 12-584] No ports matched 'sw[7]'. [E:/Programs/Proyectos/project_1/project_1.srcs/constrs_1/new/basys3_constraint.xdc:27]
CRITICAL WARNING: [Common 17-55] 'set_property' expects at least one object. [E:/Programs/Proyectos/project_1/project_1.srcs/constrs_1/new/basys3_constraint.xdc:27]
Resolution: If [get_<value>] was used to populate the object, check to make sure this command returns at least one valid object.
WARNING: [Vivado 12-584] No ports matched 'LED[9]'. [E:/Programs/Proyectos/project_1/project_1.srcs/constrs_1/new/basys3_constraint.xdc:65]
CRITICAL WARNING: [Common 17-55] 'set_property' expects at least one object. [E:/Programs/Proyectos/project_1/project_1.srcs/constrs_1/new/basys3_constraint.xdc:65]
Resolution: If [get_<value>] was used to populate the object, check to make sure this command returns at least one valid object.
WARNING: [Vivado 12-584] No ports matched 'LED[9]'. [E:/Programs/Proyectos/project_1/project_1.srcs/constrs_1/new/basys3_constraint.xdc:66]
CRITICAL WARNING: [Common 17-55] 'set_property' expects at least one object. [E:/Programs/Proyectos/project_1/project_1.srcs/constrs_1/new/basys3_constraint.xdc:66]
Resolution: If [get_<value>] was used to populate the object, check to make sure this command returns at least one valid object.
WARNING: [Vivado 12-584] No ports matched 'LED[10]'. [E:/Programs/Proyectos/project_1/project_1.srcs/constrs_1/new/basys3_constraint.xdc:67]
CRITICAL WARNING: [Common 17-55] 'set_property' expects at least one object. [E:/Programs/Proyectos/project_1/project_1.srcs/constrs_1/new/basys3_constraint.xdc:67]
Resolution: If [get_<value>] was used to populate the object, check to make sure this command returns at least one valid object.
WARNING: [Vivado 12-584] No ports matched 'LED[10]'. [E:/Programs/Proyectos/project_1/project_1.srcs/constrs_1/new/basys3_constraint.xdc:68]
CRITICAL WARNING: [Common 17-55] 'set_property' expects at least one object. [E:/Programs/Proyectos/project_1/project_1.srcs/constrs_1/new/basys3_constraint.xdc:68]
Resolution: If [get_<value>] was used to populate the object, check to make sure this command returns at least one valid object.
WARNING: [Vivado 12-584] No ports matched 'LED[11]'. [E:/Programs/Proyectos/project_1/project_1.srcs/constrs_1/new/basys3_constraint.xdc:69]
CRITICAL WARNING: [Common 17-55] 'set_property' expects at least one object. [E:/Programs/Proyectos/project_1/project_1.srcs/constrs_1/new/basys3_constraint.xdc:69]
Resolution: If [get_<value>] was used to populate the object, check to make sure this command returns at least one valid object.
WARNING: [Vivado 12-584] No ports matched 'LED[11]'. [E:/Programs/Proyectos/project_1/project_1.srcs/constrs_1/new/basys3_constraint.xdc:70]
CRITICAL WARNING: [Common 17-55] 'set_property' expects at least one object. [E:/Programs/Proyectos/project_1/project_1.srcs/constrs_1/new/basys3_constraint.xdc:70]
Resolution: If [get_<value>] was used to populate the object, check to make sure this command returns at least one valid object.
WARNING: [Vivado 12-584] No ports matched 'LED[12]'. [E:/Programs/Proyectos/project_1/project_1.srcs/constrs_1/new/basys3_constraint.xdc:71]
CRITICAL WARNING: [Common 17-55] 'set_property' expects at least one object. [E:/Programs/Proyectos/project_1/project_1.srcs/constrs_1/new/basys3_constraint.xdc:71]
Resolution: If [get_<value>] was used to populate the object, check to make sure this command returns at least one valid object.
WARNING: [Vivado 12-584] No ports matched 'LED[12]'. [E:/Programs/Proyectos/project_1/project_1.srcs/constrs_1/new/basys3_constraint.xdc:72]
CRITICAL WARNING: [Common 17-55] 'set_property' expects at least one object. [E:/Programs/Proyectos/project_1/project_1.srcs/constrs_1/new/basys3_constraint.xdc:72]
Resolution: If [get_<value>] was used to populate the object, check to make sure this command returns at least one valid object.
WARNING: [Vivado 12-584] No ports matched 'LED[13]'. [E:/Programs/Proyectos/project_1/project_1.srcs/constrs_1/new/basys3_constraint.xdc:73]
CRITICAL WARNING: [Common 17-55] 'set_property' expects at least one object. [E:/Programs/Proyectos/project_1/project_1.srcs/constrs_1/new/basys3_constraint.xdc:73]
Resolution: If [get_<value>] was used to populate the object, check to make sure this command returns at least one valid object.
WARNING: [Vivado 12-584] No ports matched 'LED[13]'. [E:/Programs/Proyectos/project_1/project_1.srcs/constrs_1/new/basys3_constraint.xdc:74]
CRITICAL WARNING: [Common 17-55] 'set_property' expects at least one object. [E:/Programs/Proyectos/project_1/project_1.srcs/constrs_1/new/basys3_constraint.xdc:74]
Resolution: If [get_<value>] was used to populate the object, check to make sure this command returns at least one valid object.
WARNING: [Vivado 12-584] No ports matched 'LED[14]'. [E:/Programs/Proyectos/project_1/project_1.srcs/constrs_1/new/basys3_constraint.xdc:75]
CRITICAL WARNING: [Common 17-55] 'set_property' expects at least one object. [E:/Programs/Proyectos/project_1/project_1.srcs/constrs_1/new/basys3_constraint.xdc:75]
Resolution: If [get_<value>] was used to populate the object, check to make sure this command returns at least one valid object.
WARNING: [Vivado 12-584] No ports matched 'LED[14]'. [E:/Programs/Proyectos/project_1/project_1.srcs/constrs_1/new/basys3_constraint.xdc:76]
CRITICAL WARNING: [Common 17-55] 'set_property' expects at least one object. [E:/Programs/Proyectos/project_1/project_1.srcs/constrs_1/new/basys3_constraint.xdc:76]
Resolution: If [get_<value>] was used to populate the object, check to make sure this command returns at least one valid object.
WARNING: [Vivado 12-584] No ports matched 'LED[15]'. [E:/Programs/Proyectos/project_1/project_1.srcs/constrs_1/new/basys3_constraint.xdc:77]
CRITICAL WARNING: [Common 17-55] 'set_property' expects at least one object. [E:/Programs/Proyectos/project_1/project_1.srcs/constrs_1/new/basys3_constraint.xdc:77]
Resolution: If [get_<value>] was used to populate the object, check to make sure this command returns at least one valid object.
WARNING: [Vivado 12-584] No ports matched 'LED[15]'. [E:/Programs/Proyectos/project_1/project_1.srcs/constrs_1/new/basys3_constraint.xdc:78]
CRITICAL WARNING: [Common 17-55] 'set_property' expects at least one object. [E:/Programs/Proyectos/project_1/project_1.srcs/constrs_1/new/basys3_constraint.xdc:78]
Resolution: If [get_<value>] was used to populate the object, check to make sure this command returns at least one valid object.
WARNING: [Vivado 12-584] No ports matched 'seg[0]'. [E:/Programs/Proyectos/project_1/project_1.srcs/constrs_1/new/basys3_constraint.xdc:82]
CRITICAL WARNING: [Common 17-55] 'set_property' expects at least one object. [E:/Programs/Proyectos/project_1/project_1.srcs/constrs_1/new/basys3_constraint.xdc:82]
Resolution: If [get_<value>] was used to populate the object, check to make sure this command returns at least one valid object.
WARNING: [Vivado 12-584] No ports matched 'seg[0]'. [E:/Programs/Proyectos/project_1/project_1.srcs/constrs_1/new/basys3_constraint.xdc:83]
CRITICAL WARNING: [Common 17-55] 'set_property' expects at least one object. [E:/Programs/Proyectos/project_1/project_1.srcs/constrs_1/new/basys3_constraint.xdc:83]
Resolution: If [get_<value>] was used to populate the object, check to make sure this command returns at least one valid object.
WARNING: [Vivado 12-584] No ports matched 'seg[1]'. [E:/Programs/Proyectos/project_1/project_1.srcs/constrs_1/new/basys3_constraint.xdc:84]
CRITICAL WARNING: [Common 17-55] 'set_property' expects at least one object. [E:/Programs/Proyectos/project_1/project_1.srcs/constrs_1/new/basys3_constraint.xdc:84]
Resolution: If [get_<value>] was used to populate the object, check to make sure this command returns at least one valid object.
WARNING: [Vivado 12-584] No ports matched 'seg[1]'. [E:/Programs/Proyectos/project_1/project_1.srcs/constrs_1/new/basys3_constraint.xdc:85]
CRITICAL WARNING: [Common 17-55] 'set_property' expects at least one object. [E:/Programs/Proyectos/project_1/project_1.srcs/constrs_1/new/basys3_constraint.xdc:85]
Resolution: If [get_<value>] was used to populate the object, check to make sure this command returns at least one valid object.
WARNING: [Vivado 12-584] No ports matched 'seg[2]'. [E:/Programs/Proyectos/project_1/project_1.srcs/constrs_1/new/basys3_constraint.xdc:86]
CRITICAL WARNING: [Common 17-55] 'set_property' expects at least one object. [E:/Programs/Proyectos/project_1/project_1.srcs/constrs_1/new/basys3_constraint.xdc:86]
Resolution: If [get_<value>] was used to populate the object, check to make sure this command returns at least one valid object.
WARNING: [Vivado 12-584] No ports matched 'seg[2]'. [E:/Programs/Proyectos/project_1/project_1.srcs/constrs_1/new/basys3_constraint.xdc:87]
CRITICAL WARNING: [Common 17-55] 'set_property' expects at least one object. [E:/Programs/Proyectos/project_1/project_1.srcs/constrs_1/new/basys3_constraint.xdc:87]
Resolution: If [get_<value>] was used to populate the object, check to make sure this command returns at least one valid object.
WARNING: [Vivado 12-584] No ports matched 'seg[3]'. [E:/Programs/Proyectos/project_1/project_1.srcs/constrs_1/new/basys3_constraint.xdc:88]
CRITICAL WARNING: [Common 17-55] 'set_property' expects at least one object. [E:/Programs/Proyectos/project_1/project_1.srcs/constrs_1/new/basys3_constraint.xdc:88]
Resolution: If [get_<value>] was used to populate the object, check to make sure this command returns at least one valid object.
WARNING: [Vivado 12-584] No ports matched 'seg[3]'. [E:/Programs/Proyectos/project_1/project_1.srcs/constrs_1/new/basys3_constraint.xdc:89]
CRITICAL WARNING: [Common 17-55] 'set_property' expects at least one object. [E:/Programs/Proyectos/project_1/project_1.srcs/constrs_1/new/basys3_constraint.xdc:89]
Resolution: If [get_<value>] was used to populate the object, check to make sure this command returns at least one valid object.
WARNING: [Vivado 12-584] No ports matched 'seg[4]'. [E:/Programs/Proyectos/project_1/project_1.srcs/constrs_1/new/basys3_constraint.xdc:90]
CRITICAL WARNING: [Common 17-55] 'set_property' expects at least one object. [E:/Programs/Proyectos/project_1/project_1.srcs/constrs_1/new/basys3_constraint.xdc:90]
Resolution: If [get_<value>] was used to populate the object, check to make sure this command returns at least one valid object.
WARNING: [Vivado 12-584] No ports matched 'seg[4]'. [E:/Programs/Proyectos/project_1/project_1.srcs/constrs_1/new/basys3_constraint.xdc:91]
CRITICAL WARNING: [Common 17-55] 'set_property' expects at least one object. [E:/Programs/Proyectos/project_1/project_1.srcs/constrs_1/new/basys3_constraint.xdc:91]
Resolution: If [get_<value>] was used to populate the object, check to make sure this command returns at least one valid object.
WARNING: [Vivado 12-584] No ports matched 'seg[5]'. [E:/Programs/Proyectos/project_1/project_1.srcs/constrs_1/new/basys3_constraint.xdc:92]
CRITICAL WARNING: [Common 17-55] 'set_property' expects at least one object. [E:/Programs/Proyectos/project_1/project_1.srcs/constrs_1/new/basys3_constraint.xdc:92]
Resolution: If [get_<value>] was used to populate the object, check to make sure this command returns at least one valid object.
WARNING: [Vivado 12-584] No ports matched 'seg[5]'. [E:/Programs/Proyectos/project_1/project_1.srcs/constrs_1/new/basys3_constraint.xdc:93]
CRITICAL WARNING: [Common 17-55] 'set_property' expects at least one object. [E:/Programs/Proyectos/project_1/project_1.srcs/constrs_1/new/basys3_constraint.xdc:93]
Resolution: If [get_<value>] was used to populate the object, check to make sure this command returns at least one valid object.
WARNING: [Vivado 12-584] No ports matched 'seg[6]'. [E:/Programs/Proyectos/project_1/project_1.srcs/constrs_1/new/basys3_constraint.xdc:94]
CRITICAL WARNING: [Common 17-55] 'set_property' expects at least one object. [E:/Programs/Proyectos/project_1/project_1.srcs/constrs_1/new/basys3_constraint.xdc:94]
Resolution: If [get_<value>] was used to populate the object, check to make sure this command returns at least one valid object.
WARNING: [Vivado 12-584] No ports matched 'seg[6]'. [E:/Programs/Proyectos/project_1/project_1.srcs/constrs_1/new/basys3_constraint.xdc:95]
CRITICAL WARNING: [Common 17-55] 'set_property' expects at least one object. [E:/Programs/Proyectos/project_1/project_1.srcs/constrs_1/new/basys3_constraint.xdc:95]
Resolution: If [get_<value>] was used to populate the object, check to make sure this command returns at least one valid object.
WARNING: [Vivado 12-584] No ports matched 'dp'. [E:/Programs/Proyectos/project_1/project_1.srcs/constrs_1/new/basys3_constraint.xdc:97]
CRITICAL WARNING: [Common 17-55] 'set_property' expects at least one object. [E:/Programs/Proyectos/project_1/project_1.srcs/constrs_1/new/basys3_constraint.xdc:97]
Resolution: If [get_<value>] was used to populate the object, check to make sure this command returns at least one valid object.
WARNING: [Vivado 12-584] No ports matched 'dp'. [E:/Programs/Proyectos/project_1/project_1.srcs/constrs_1/new/basys3_constraint.xdc:98]
CRITICAL WARNING: [Common 17-55] 'set_property' expects at least one object. [E:/Programs/Proyectos/project_1/project_1.srcs/constrs_1/new/basys3_constraint.xdc:98]
Resolution: If [get_<value>] was used to populate the object, check to make sure this command returns at least one valid object.
WARNING: [Vivado 12-584] No ports matched 'an[0]'. [E:/Programs/Proyectos/project_1/project_1.srcs/constrs_1/new/basys3_constraint.xdc:100]
CRITICAL WARNING: [Common 17-55] 'set_property' expects at least one object. [E:/Programs/Proyectos/project_1/project_1.srcs/constrs_1/new/basys3_constraint.xdc:100]
Resolution: If [get_<value>] was used to populate the object, check to make sure this command returns at least one valid object.
WARNING: [Vivado 12-584] No ports matched 'an[0]'. [E:/Programs/Proyectos/project_1/project_1.srcs/constrs_1/new/basys3_constraint.xdc:101]
CRITICAL WARNING: [Common 17-55] 'set_property' expects at least one object. [E:/Programs/Proyectos/project_1/project_1.srcs/constrs_1/new/basys3_constraint.xdc:101]
Resolution: If [get_<value>] was used to populate the object, check to make sure this command returns at least one valid object.
WARNING: [Vivado 12-584] No ports matched 'an[1]'. [E:/Programs/Proyectos/project_1/project_1.srcs/constrs_1/new/basys3_constraint.xdc:102]
CRITICAL WARNING: [Common 17-55] 'set_property' expects at least one object. [E:/Programs/Proyectos/project_1/project_1.srcs/constrs_1/new/basys3_constraint.xdc:102]
Resolution: If [get_<value>] was used to populate the object, check to make sure this command returns at least one valid object.
WARNING: [Vivado 12-584] No ports matched 'an[1]'. [E:/Programs/Proyectos/project_1/project_1.srcs/constrs_1/new/basys3_constraint.xdc:103]
CRITICAL WARNING: [Common 17-55] 'set_property' expects at least one object. [E:/Programs/Proyectos/project_1/project_1.srcs/constrs_1/new/basys3_constraint.xdc:103]
Resolution: If [get_<value>] was used to populate the object, check to make sure this command returns at least one valid object.
WARNING: [Vivado 12-584] No ports matched 'an[2]'. [E:/Programs/Proyectos/project_1/project_1.srcs/constrs_1/new/basys3_constraint.xdc:104]
CRITICAL WARNING: [Common 17-55] 'set_property' expects at least one object. [E:/Programs/Proyectos/project_1/project_1.srcs/constrs_1/new/basys3_constraint.xdc:104]
Resolution: If [get_<value>] was used to populate the object, check to make sure this command returns at least one valid object.
WARNING: [Vivado 12-584] No ports matched 'an[2]'. [E:/Programs/Proyectos/project_1/project_1.srcs/constrs_1/new/basys3_constraint.xdc:105]
CRITICAL WARNING: [Common 17-55] 'set_property' expects at least one object. [E:/Programs/Proyectos/project_1/project_1.srcs/constrs_1/new/basys3_constraint.xdc:105]
Resolution: If [get_<value>] was used to populate the object, check to make sure this command returns at least one valid object.
WARNING: [Vivado 12-584] No ports matched 'an[3]'. [E:/Programs/Proyectos/project_1/project_1.srcs/constrs_1/new/basys3_constraint.xdc:106]
CRITICAL WARNING: [Common 17-55] 'set_property' expects at least one object. [E:/Programs/Proyectos/project_1/project_1.srcs/constrs_1/new/basys3_constraint.xdc:106]
Resolution: If [get_<value>] was used to populate the object, check to make sure this command returns at least one valid object.
WARNING: [Vivado 12-584] No ports matched 'an[3]'. [E:/Programs/Proyectos/project_1/project_1.srcs/constrs_1/new/basys3_constraint.xdc:107]
CRITICAL WARNING: [Common 17-55] 'set_property' expects at least one object. [E:/Programs/Proyectos/project_1/project_1.srcs/constrs_1/new/basys3_constraint.xdc:107]
Resolution: If [get_<value>] was used to populate the object, check to make sure this command returns at least one valid object.
WARNING: [Vivado 12-584] No ports matched 'vauxp6'. [E:/Programs/Proyectos/project_1/project_1.srcs/constrs_1/new/basys3_constraint.xdc:209]
CRITICAL WARNING: [Common 17-55] 'set_property' expects at least one object. [E:/Programs/Proyectos/project_1/project_1.srcs/constrs_1/new/basys3_constraint.xdc:209]
Resolution: If [get_<value>] was used to populate the object, check to make sure this command returns at least one valid object.
WARNING: [Vivado 12-584] No ports matched 'vauxp6'. [E:/Programs/Proyectos/project_1/project_1.srcs/constrs_1/new/basys3_constraint.xdc:210]
CRITICAL WARNING: [Common 17-55] 'set_property' expects at least one object. [E:/Programs/Proyectos/project_1/project_1.srcs/constrs_1/new/basys3_constraint.xdc:210]
Resolution: If [get_<value>] was used to populate the object, check to make sure this command returns at least one valid object.
WARNING: [Vivado 12-584] No ports matched 'vauxp14'. [E:/Programs/Proyectos/project_1/project_1.srcs/constrs_1/new/basys3_constraint.xdc:212]
CRITICAL WARNING: [Common 17-55] 'set_property' expects at least one object. [E:/Programs/Proyectos/project_1/project_1.srcs/constrs_1/new/basys3_constraint.xdc:212]
Resolution: If [get_<value>] was used to populate the object, check to make sure this command returns at least one valid object.
WARNING: [Vivado 12-584] No ports matched 'vauxp14'. [E:/Programs/Proyectos/project_1/project_1.srcs/constrs_1/new/basys3_constraint.xdc:213]
CRITICAL WARNING: [Common 17-55] 'set_property' expects at least one object. [E:/Programs/Proyectos/project_1/project_1.srcs/constrs_1/new/basys3_constraint.xdc:213]
Resolution: If [get_<value>] was used to populate the object, check to make sure this command returns at least one valid object.
WARNING: [Vivado 12-584] No ports matched 'vauxp7'. [E:/Programs/Proyectos/project_1/project_1.srcs/constrs_1/new/basys3_constraint.xdc:215]
CRITICAL WARNING: [Common 17-55] 'set_property' expects at least one object. [E:/Programs/Proyectos/project_1/project_1.srcs/constrs_1/new/basys3_constraint.xdc:215]
Resolution: If [get_<value>] was used to populate the object, check to make sure this command returns at least one valid object.
WARNING: [Vivado 12-584] No ports matched 'vauxp7'. [E:/Programs/Proyectos/project_1/project_1.srcs/constrs_1/new/basys3_constraint.xdc:216]
CRITICAL WARNING: [Common 17-55] 'set_property' expects at least one object. [E:/Programs/Proyectos/project_1/project_1.srcs/constrs_1/new/basys3_constraint.xdc:216]
Resolution: If [get_<value>] was used to populate the object, check to make sure this command returns at least one valid object.
WARNING: [Vivado 12-584] No ports matched 'vauxp15'. [E:/Programs/Proyectos/project_1/project_1.srcs/constrs_1/new/basys3_constraint.xdc:218]
CRITICAL WARNING: [Common 17-55] 'set_property' expects at least one object. [E:/Programs/Proyectos/project_1/project_1.srcs/constrs_1/new/basys3_constraint.xdc:218]
Resolution: If [get_<value>] was used to populate the object, check to make sure this command returns at least one valid object.
WARNING: [Vivado 12-584] No ports matched 'vauxp15'. [E:/Programs/Proyectos/project_1/project_1.srcs/constrs_1/new/basys3_constraint.xdc:219]
CRITICAL WARNING: [Common 17-55] 'set_property' expects at least one object. [E:/Programs/Proyectos/project_1/project_1.srcs/constrs_1/new/basys3_constraint.xdc:219]
Resolution: If [get_<value>] was used to populate the object, check to make sure this command returns at least one valid object.
WARNING: [Vivado 12-584] No ports matched 'vauxn6'. [E:/Programs/Proyectos/project_1/project_1.srcs/constrs_1/new/basys3_constraint.xdc:221]
CRITICAL WARNING: [Common 17-55] 'set_property' expects at least one object. [E:/Programs/Proyectos/project_1/project_1.srcs/constrs_1/new/basys3_constraint.xdc:221]
Resolution: If [get_<value>] was used to populate the object, check to make sure this command returns at least one valid object.
WARNING: [Vivado 12-584] No ports matched 'vauxn6'. [E:/Programs/Proyectos/project_1/project_1.srcs/constrs_1/new/basys3_constraint.xdc:222]
CRITICAL WARNING: [Common 17-55] 'set_property' expects at least one object. [E:/Programs/Proyectos/project_1/project_1.srcs/constrs_1/new/basys3_constraint.xdc:222]
Resolution: If [get_<value>] was used to populate the object, check to make sure this command returns at least one valid object.
WARNING: [Vivado 12-584] No ports matched 'vauxn14'. [E:/Programs/Proyectos/project_1/project_1.srcs/constrs_1/new/basys3_constraint.xdc:224]
CRITICAL WARNING: [Common 17-55] 'set_property' expects at least one object. [E:/Programs/Proyectos/project_1/project_1.srcs/constrs_1/new/basys3_constraint.xdc:224]
Resolution: If [get_<value>] was used to populate the object, check to make sure this command returns at least one valid object.
WARNING: [Vivado 12-584] No ports matched 'vauxn14'. [E:/Programs/Proyectos/project_1/project_1.srcs/constrs_1/new/basys3_constraint.xdc:225]
CRITICAL WARNING: [Common 17-55] 'set_property' expects at least one object. [E:/Programs/Proyectos/project_1/project_1.srcs/constrs_1/new/basys3_constraint.xdc:225]
Resolution: If [get_<value>] was used to populate the object, check to make sure this command returns at least one valid object.
WARNING: [Vivado 12-584] No ports matched 'vauxn7'. [E:/Programs/Proyectos/project_1/project_1.srcs/constrs_1/new/basys3_constraint.xdc:227]
CRITICAL WARNING: [Common 17-55] 'set_property' expects at least one object. [E:/Programs/Proyectos/project_1/project_1.srcs/constrs_1/new/basys3_constraint.xdc:227]
Resolution: If [get_<value>] was used to populate the object, check to make sure this command returns at least one valid object.
WARNING: [Vivado 12-584] No ports matched 'vauxn7'. [E:/Programs/Proyectos/project_1/project_1.srcs/constrs_1/new/basys3_constraint.xdc:228]
CRITICAL WARNING: [Common 17-55] 'set_property' expects at least one object. [E:/Programs/Proyectos/project_1/project_1.srcs/constrs_1/new/basys3_constraint.xdc:228]
Resolution: If [get_<value>] was used to populate the object, check to make sure this command returns at least one valid object.
WARNING: [Vivado 12-584] No ports matched 'vauxn15'. [E:/Programs/Proyectos/project_1/project_1.srcs/constrs_1/new/basys3_constraint.xdc:230]
CRITICAL WARNING: [Common 17-55] 'set_property' expects at least one object. [E:/Programs/Proyectos/project_1/project_1.srcs/constrs_1/new/basys3_constraint.xdc:230]
Resolution: If [get_<value>] was used to populate the object, check to make sure this command returns at least one valid object.
WARNING: [Vivado 12-584] No ports matched 'vauxn15'. [E:/Programs/Proyectos/project_1/project_1.srcs/constrs_1/new/basys3_constraint.xdc:231]
CRITICAL WARNING: [Common 17-55] 'set_property' expects at least one object. [E:/Programs/Proyectos/project_1/project_1.srcs/constrs_1/new/basys3_constraint.xdc:231]
Resolution: If [get_<value>] was used to populate the object, check to make sure this command returns at least one valid object.
Finished Parsing XDC File [E:/Programs/Proyectos/project_1/project_1.srcs/constrs_1/new/basys3_constraint.xdc]
INFO: [Opt 31-138] Pushed 0 inverter(s) to 0 load pin(s).
Netlist sorting complete. Time (s): cpu = 00:00:00 ; elapsed = 00:00:00 . Memory (MB): peak = 990.301 ; gain = 0.000
INFO: [Project 1-111] Unisim Transformation Summary:
No Unisim elements were transformed.

El sistema no puede encontrar la ruta especificada.
7 Infos, 58 Warnings, 58 Critical Warnings and 0 Errors encountered.
link_design completed successfully
link_design: Time (s): cpu = 00:00:03 ; elapsed = 00:00:10 . Memory (MB): peak = 994.332 ; gain = 531.844
Command: opt_design
Attempting to get a license for feature 'Implementation' and/or device 'xc7a35t'
INFO: [Common 17-349] Got license for feature 'Implementation' and/or device 'xc7a35t'
Running DRC as a precondition to command opt_design

Starting DRC Task
INFO: [DRC 23-27] Running DRC with 2 threads
INFO: [Project 1-461] DRC finished with 0 Errors
INFO: [Project 1-462] Please refer to the DRC report (report_drc) for more information.

Time (s): cpu = 00:00:01 ; elapsed = 00:00:02 . Memory (MB): peak = 1014.281 ; gain = 19.949

Starting Cache Timing Information Task
INFO: [Timing 38-35] Done setting XDC timing constraints.
Ending Cache Timing Information Task | Checksum: 113e9eade

Time (s): cpu = 00:00:04 ; elapsed = 00:00:12 . Memory (MB): peak = 1539.422 ; gain = 525.141

Starting Logic Optimization Task

Phase 1 Initialization

Phase 1.1 Core Generation And Design Setup
Phase 1.1 Core Generation And Design Setup | Checksum: 113e9eade

Time (s): cpu = 00:00:00 ; elapsed = 00:00:00.003 . Memory (MB): peak = 1905.930 ; gain = 0.000

Phase 1.2 Setup Constraints And Sort Netlist
Phase 1.2 Setup Constraints And Sort Netlist | Checksum: 113e9eade

Time (s): cpu = 00:00:00 ; elapsed = 00:00:00.005 . Memory (MB): peak = 1905.930 ; gain = 0.000
Phase 1 Initialization | Checksum: 113e9eade

Time (s): cpu = 00:00:00 ; elapsed = 00:00:00.006 . Memory (MB): peak = 1905.930 ; gain = 0.000

Phase 2 Timer Update And Timing Data Collection

Phase 2.1 Timer Update
Phase 2.1 Timer Update | Checksum: 113e9eade

Time (s): cpu = 00:00:00 ; elapsed = 00:00:00.020 . Memory (MB): peak = 1905.930 ; gain = 0.000

Phase 2.2 Timing Data Collection
Phase 2.2 Timing Data Collection | Checksum: 113e9eade

Time (s): cpu = 00:00:00 ; elapsed = 00:00:00.035 . Memory (MB): peak = 1905.930 ; gain = 0.000
Phase 2 Timer Update And Timing Data Collection | Checksum: 113e9eade

Time (s): cpu = 00:00:00 ; elapsed = 00:00:00.036 . Memory (MB): peak = 1905.930 ; gain = 0.000

Phase 3 Retarget
INFO: [Opt 31-138] Pushed 0 inverter(s) to 0 load pin(s).
INFO: [Opt 31-49] Retargeted 0 cell(s).
Phase 3 Retarget | Checksum: 113e9eade

Time (s): cpu = 00:00:00 ; elapsed = 00:00:00.052 . Memory (MB): peak = 1905.930 ; gain = 0.000
Retarget | Checksum: 113e9eade
INFO: [Opt 31-389] Phase Retarget created 0 cells and removed 0 cells

Phase 4 Constant propagation
INFO: [Opt 31-138] Pushed 0 inverter(s) to 0 load pin(s).
Phase 4 Constant propagation | Checksum: 113e9eade

Time (s): cpu = 00:00:00 ; elapsed = 00:00:00.056 . Memory (MB): peak = 1905.930 ; gain = 0.000
Constant propagation | Checksum: 113e9eade
INFO: [Opt 31-389] Phase Constant propagation created 0 cells and removed 0 cells

Phase 5 Sweep
Phase 5 Sweep | Checksum: 13e4764e2

Time (s): cpu = 00:00:00 ; elapsed = 00:00:00.066 . Memory (MB): peak = 1905.930 ; gain = 0.000
Sweep | Checksum: 13e4764e2
INFO: [Opt 31-389] Phase Sweep created 0 cells and removed 0 cells

Phase 6 BUFG optimization
Phase 6 BUFG optimization | Checksum: 13e4764e2

Time (s): cpu = 00:00:00 ; elapsed = 00:00:00.120 . Memory (MB): peak = 1905.930 ; gain = 0.000
BUFG optimization | Checksum: 13e4764e2
INFO: [Opt 31-662] Phase BUFG optimization created 0 cells of which 0 are BUFGs and removed 0 cells.

Phase 7 Shift Register Optimization
INFO: [Opt 31-1064] SRL Remap converted 0 SRLs to 0 registers and converted 0 registers of register chains to 0 SRLs
Phase 7 Shift Register Optimization | Checksum: 13e4764e2

Time (s): cpu = 00:00:00 ; elapsed = 00:00:00.123 . Memory (MB): peak = 1905.930 ; gain = 0.000
Shift Register Optimization | Checksum: 13e4764e2
INFO: [Opt 31-389] Phase Shift Register Optimization created 0 cells and removed 0 cells

Phase 8 Post Processing Netlist
Phase 8 Post Processing Netlist | Checksum: 13e4764e2

Time (s): cpu = 00:00:00 ; elapsed = 00:00:00.126 . Memory (MB): peak = 1905.930 ; gain = 0.000
Post Processing Netlist | Checksum: 13e4764e2
INFO: [Opt 31-389] Phase Post Processing Netlist created 0 cells and removed 0 cells

Phase 9 Finalization

Phase 9.1 Finalizing Design Cores and Updating Shapes
Phase 9.1 Finalizing Design Cores and Updating Shapes | Checksum: e526c0d6

Time (s): cpu = 00:00:00 ; elapsed = 00:00:00.132 . Memory (MB): peak = 1905.930 ; gain = 0.000

Phase 9.2 Verifying Netlist Connectivity

Starting Connectivity Check Task

Time (s): cpu = 00:00:00 ; elapsed = 00:00:00.001 . Memory (MB): peak = 1905.930 ; gain = 0.000
Phase 9.2 Verifying Netlist Connectivity | Checksum: e526c0d6

Time (s): cpu = 00:00:00 ; elapsed = 00:00:00.134 . Memory (MB): peak = 1905.930 ; gain = 0.000
Phase 9 Finalization | Checksum: e526c0d6

Time (s): cpu = 00:00:00 ; elapsed = 00:00:00.135 . Memory (MB): peak = 1905.930 ; gain = 0.000
Opt_design Change Summary
=========================


-------------------------------------------------------------------------------------------------------------------------
|  Phase                        |  #Cells created  |  #Cells Removed  |  #Constrained objects preventing optimizations  |
-------------------------------------------------------------------------------------------------------------------------
|  Retarget                     |               0  |               0  |                                              0  |
|  Constant propagation         |               0  |               0  |                                              0  |
|  Sweep                        |               0  |               0  |                                              0  |
|  BUFG optimization            |               0  |               0  |                                              0  |
|  Shift Register Optimization  |               0  |               0  |                                              0  |
|  Post Processing Netlist      |               0  |               0  |                                              0  |
-------------------------------------------------------------------------------------------------------------------------


Ending Logic Optimization Task | Checksum: e526c0d6

Time (s): cpu = 00:00:00 ; elapsed = 00:00:00.137 . Memory (MB): peak = 1905.930 ; gain = 0.000
INFO: [Constraints 18-11670] Building netlist checker database with flags, 0x8
Done building netlist checker database: Time (s): cpu = 00:00:00 ; elapsed = 00:00:00 . Memory (MB): peak = 1905.930 ; gain = 0.000

Starting Power Optimization Task
INFO: [Pwropt 34-132] Skipping clock gating for clocks with a period < 2.00 ns.
Ending Power Optimization Task | Checksum: e526c0d6

Time (s): cpu = 00:00:00 ; elapsed = 00:00:00.027 . Memory (MB): peak = 1905.930 ; gain = 0.000

Starting Final Cleanup Task
Ending Final Cleanup Task | Checksum: e526c0d6

Time (s): cpu = 00:00:00 ; elapsed = 00:00:00.001 . Memory (MB): peak = 1905.930 ; gain = 0.000

Starting Netlist Obfuscation Task
Netlist sorting complete. Time (s): cpu = 00:00:00 ; elapsed = 00:00:00.001 . Memory (MB): peak = 1905.930 ; gain = 0.000
Ending Netlist Obfuscation Task | Checksum: e526c0d6

Time (s): cpu = 00:00:00 ; elapsed = 00:00:00.001 . Memory (MB): peak = 1905.930 ; gain = 0.000
INFO: [Common 17-83] Releasing license: Implementation
25 Infos, 58 Warnings, 58 Critical Warnings and 0 Errors encountered.
opt_design completed successfully
opt_design: Time (s): cpu = 00:00:07 ; elapsed = 00:00:19 . Memory (MB): peak = 1905.930 ; gain = 911.598
INFO: [runtcl-4] Executing : report_drc -file top_fsm_drc_opted.rpt -pb top_fsm_drc_opted.pb -rpx top_fsm_drc_opted.rpx
Command: report_drc -file top_fsm_drc_opted.rpt -pb top_fsm_drc_opted.pb -rpx top_fsm_drc_opted.rpx
INFO: [IP_Flow 19-234] Refreshing IP repositories
INFO: [IP_Flow 19-1704] No user IP repositories specified
INFO: [IP_Flow 19-2313] Loaded Vivado IP repository 'E:/Programs/Vivado/2023.2/data/ip'.
INFO: [DRC 23-27] Running DRC with 2 threads
INFO: [Vivado_Tcl 2-168] The results of DRC are in file C:/Users/vivado/Proyecto_Final/Proyecto_Final.runs/impl_1/top_fsm_drc_opted.rpt.
report_drc completed successfully
INFO: [Timing 38-480] Writing timing data to binary archive.
Write ShapeDB Complete: Time (s): cpu = 00:00:00 ; elapsed = 00:00:00.002 . Memory (MB): peak = 1905.930 ; gain = 0.000
Wrote PlaceDB: Time (s): cpu = 00:00:00 ; elapsed = 00:00:00.004 . Memory (MB): peak = 1905.930 ; gain = 0.000
Wrote PulsedLatchDB: Time (s): cpu = 00:00:00 ; elapsed = 00:00:00 . Memory (MB): peak = 1905.930 ; gain = 0.000
Writing XDEF routing.
Writing XDEF routing logical nets.
Writing XDEF routing special nets.
Wrote RouteStorage: Time (s): cpu = 00:00:00 ; elapsed = 00:00:00.036 . Memory (MB): peak = 1905.930 ; gain = 0.000
Wrote Netlist Cache: Time (s): cpu = 00:00:00 ; elapsed = 00:00:00.001 . Memory (MB): peak = 1905.930 ; gain = 0.000
Wrote Device Cache: Time (s): cpu = 00:00:00 ; elapsed = 00:00:00.013 . Memory (MB): peak = 1905.930 ; gain = 0.000
Write Physdb Complete: Time (s): cpu = 00:00:00 ; elapsed = 00:00:00.064 . Memory (MB): peak = 1905.930 ; gain = 0.000
INFO: [Common 17-1381] The checkpoint 'C:/Users/vivado/Proyecto_Final/Proyecto_Final.runs/impl_1/top_fsm_opt.dcp' has been generated.
Command: place_design
Attempting to get a license for feature 'Implementation' and/or device 'xc7a35t'
INFO: [Common 17-349] Got license for feature 'Implementation' and/or device 'xc7a35t'
INFO: [Common 17-83] Releasing license: Implementation
INFO: [DRC 23-27] Running DRC with 2 threads
INFO: [Vivado_Tcl 4-198] DRC finished with 0 Errors
INFO: [Vivado_Tcl 4-199] Please refer to the DRC report (report_drc) for more information.
Running DRC as a precondition to command place_design
INFO: [DRC 23-27] Running DRC with 2 threads
INFO: [Vivado_Tcl 4-198] DRC finished with 0 Errors
INFO: [Vivado_Tcl 4-199] Please refer to the DRC report (report_drc) for more information.
INFO: [Place 30-611] Multithreading enabled for place_design using a maximum of 2 CPUs

Starting Placer Task

Phase 1 Placer Initialization

Phase 1.1 Placer Initialization Netlist Sorting
Netlist sorting complete. Time (s): cpu = 00:00:00 ; elapsed = 00:00:00 . Memory (MB): peak = 1905.930 ; gain = 0.000
Phase 1.1 Placer Initialization Netlist Sorting | Checksum: 604370dd

Time (s): cpu = 00:00:00 ; elapsed = 00:00:00.010 . Memory (MB): peak = 1905.930 ; gain = 0.000
Netlist sorting complete. Time (s): cpu = 00:00:00 ; elapsed = 00:00:00 . Memory (MB): peak = 1905.930 ; gain = 0.000

Phase 1.2 IO Placement/ Clock Placement/ Build Placer Device
INFO: [Timing 38-35] Done setting XDC timing constraints.
Phase 1.2 IO Placement/ Clock Placement/ Build Placer Device | Checksum: 1383e81f6

Time (s): cpu = 00:00:00 ; elapsed = 00:00:00.366 . Memory (MB): peak = 1905.930 ; gain = 0.000

Phase 1.3 Build Placer Netlist Model
WARNING: [Place 30-2953] Timing driven mode will be turned off because no critical terminals were found.
Phase 1.3 Build Placer Netlist Model | Checksum: 2234260c4

Time (s): cpu = 00:00:00 ; elapsed = 00:00:00.558 . Memory (MB): peak = 1905.930 ; gain = 0.000

Phase 1.4 Constrain Clocks/Macros
Phase 1.4 Constrain Clocks/Macros | Checksum: 2234260c4

Time (s): cpu = 00:00:00 ; elapsed = 00:00:00.562 . Memory (MB): peak = 1905.930 ; gain = 0.000
Phase 1 Placer Initialization | Checksum: 2234260c4

Time (s): cpu = 00:00:00 ; elapsed = 00:00:00.571 . Memory (MB): peak = 1905.930 ; gain = 0.000

Phase 2 Global Placement

Phase 2.1 Floorplanning
Phase 2.1 Floorplanning | Checksum: 2234260c4

Time (s): cpu = 00:00:00 ; elapsed = 00:00:00.584 . Memory (MB): peak = 1905.930 ; gain = 0.000

Phase 2.2 Update Timing before SLR Path Opt
Phase 2.2 Update Timing before SLR Path Opt | Checksum: 2234260c4

Time (s): cpu = 00:00:00 ; elapsed = 00:00:00.585 . Memory (MB): peak = 1905.930 ; gain = 0.000

Phase 2.3 Post-Processing in Floorplanning
Phase 2.3 Post-Processing in Floorplanning | Checksum: 2234260c4

Time (s): cpu = 00:00:00 ; elapsed = 00:00:00.586 . Memory (MB): peak = 1905.930 ; gain = 0.000

Phase 2.4 Global Placement Core
WARNING: [Place 46-29] Timing had been disabled during Placer and, therefore, physical synthesis in Placer will be skipped.
Phase 2.4 Global Placement Core | Checksum: 152036de8

Time (s): cpu = 00:00:00 ; elapsed = 00:00:01 . Memory (MB): peak = 1905.930 ; gain = 0.000
Phase 2 Global Placement | Checksum: 152036de8

Time (s): cpu = 00:00:00 ; elapsed = 00:00:01 . Memory (MB): peak = 1905.930 ; gain = 0.000

Phase 3 Detail Placement

Phase 3.1 Commit Multi Column Macros
Phase 3.1 Commit Multi Column Macros | Checksum: 152036de8

Time (s): cpu = 00:00:00 ; elapsed = 00:00:01 . Memory (MB): peak = 1905.930 ; gain = 0.000

Phase 3.2 Commit Most Macros & LUTRAMs
Phase 3.2 Commit Most Macros & LUTRAMs | Checksum: 1171dcd6f

Time (s): cpu = 00:00:00 ; elapsed = 00:00:01 . Memory (MB): peak = 1905.930 ; gain = 0.000

Phase 3.3 Area Swap Optimization
Phase 3.3 Area Swap Optimization | Checksum: b6f20197

Time (s): cpu = 00:00:00 ; elapsed = 00:00:01 . Memory (MB): peak = 1905.930 ; gain = 0.000

Phase 3.4 Pipeline Register Optimization
Phase 3.4 Pipeline Register Optimization | Checksum: b6f20197

Time (s): cpu = 00:00:00 ; elapsed = 00:00:01 . Memory (MB): peak = 1905.930 ; gain = 0.000

Phase 3.5 Small Shape Detail Placement
Phase 3.5 Small Shape Detail Placement | Checksum: 16e742182

Time (s): cpu = 00:00:00 ; elapsed = 00:00:01 . Memory (MB): peak = 1905.930 ; gain = 0.000

Phase 3.6 Re-assign LUT pins
Phase 3.6 Re-assign LUT pins | Checksum: 1b02b917f

Time (s): cpu = 00:00:00 ; elapsed = 00:00:01 . Memory (MB): peak = 1905.930 ; gain = 0.000

Phase 3.7 Pipeline Register Optimization
Phase 3.7 Pipeline Register Optimization | Checksum: 1b02b917f

Time (s): cpu = 00:00:00 ; elapsed = 00:00:01 . Memory (MB): peak = 1905.930 ; gain = 0.000
Phase 3 Detail Placement | Checksum: 1b02b917f

Time (s): cpu = 00:00:00 ; elapsed = 00:00:01 . Memory (MB): peak = 1905.930 ; gain = 0.000

Phase 4 Post Placement Optimization and Clean-Up

Phase 4.1 Post Commit Optimization
Phase 4.1 Post Commit Optimization | Checksum: 1b02b917f

Time (s): cpu = 00:00:00 ; elapsed = 00:00:01 . Memory (MB): peak = 1905.930 ; gain = 0.000

Phase 4.2 Post Placement Cleanup
Phase 4.2 Post Placement Cleanup | Checksum: 1b02b917f

Time (s): cpu = 00:00:00 ; elapsed = 00:00:01 . Memory (MB): peak = 1905.930 ; gain = 0.000

Phase 4.3 Placer Reporting

Phase 4.3.1 Print Estimated Congestion
INFO: [Place 30-612] Post-Placement Estimated Congestion 
 ____________________________________________________
|           | Global Congestion | Short Congestion  |
| Direction | Region Size       | Region Size       |
|___________|___________________|___________________|
|      North|                1x1|                1x1|
|___________|___________________|___________________|
|      South|                1x1|                1x1|
|___________|___________________|___________________|
|       East|                1x1|                1x1|
|___________|___________________|___________________|
|       West|                1x1|                1x1|
|___________|___________________|___________________|

Phase 4.3.1 Print Estimated Congestion | Checksum: 1b02b917f

Time (s): cpu = 00:00:00 ; elapsed = 00:00:01 . Memory (MB): peak = 1905.930 ; gain = 0.000
Phase 4.3 Placer Reporting | Checksum: 1b02b917f

Time (s): cpu = 00:00:00 ; elapsed = 00:00:01 . Memory (MB): peak = 1905.930 ; gain = 0.000

Phase 4.4 Final Placement Cleanup
Netlist sorting complete. Time (s): cpu = 00:00:00 ; elapsed = 00:00:00 . Memory (MB): peak = 1905.930 ; gain = 0.000

Time (s): cpu = 00:00:00 ; elapsed = 00:00:01 . Memory (MB): peak = 1905.930 ; gain = 0.000
Phase 4 Post Placement Optimization and Clean-Up | Checksum: 1b02b917f

Time (s): cpu = 00:00:00 ; elapsed = 00:00:01 . Memory (MB): peak = 1905.930 ; gain = 0.000
Ending Placer Task | Checksum: 128bc2fa7

Time (s): cpu = 00:00:00 ; elapsed = 00:00:01 . Memory (MB): peak = 1905.930 ; gain = 0.000
44 Infos, 60 Warnings, 58 Critical Warnings and 0 Errors encountered.
place_design completed successfully
INFO: [runtcl-4] Executing : report_io -file top_fsm_io_placed.rpt
report_io: Time (s): cpu = 00:00:00 ; elapsed = 00:00:00.066 . Memory (MB): peak = 1905.930 ; gain = 0.000
INFO: [runtcl-4] Executing : report_utilization -file top_fsm_utilization_placed.rpt -pb top_fsm_utilization_placed.pb
INFO: [runtcl-4] Executing : report_control_sets -verbose -file top_fsm_control_sets_placed.rpt
report_control_sets: Time (s): cpu = 00:00:00 ; elapsed = 00:00:00.003 . Memory (MB): peak = 1905.930 ; gain = 0.000
INFO: [Timing 38-480] Writing timing data to binary archive.
Write ShapeDB Complete: Time (s): cpu = 00:00:00 ; elapsed = 00:00:00.002 . Memory (MB): peak = 1905.930 ; gain = 0.000
Wrote PlaceDB: Time (s): cpu = 00:00:00 ; elapsed = 00:00:00.010 . Memory (MB): peak = 1905.930 ; gain = 0.000
Wrote PulsedLatchDB: Time (s): cpu = 00:00:00 ; elapsed = 00:00:00 . Memory (MB): peak = 1905.930 ; gain = 0.000
Writing XDEF routing.
Writing XDEF routing logical nets.
Writing XDEF routing special nets.
Wrote RouteStorage: Time (s): cpu = 00:00:00 ; elapsed = 00:00:00.032 . Memory (MB): peak = 1905.930 ; gain = 0.000
Wrote Netlist Cache: Time (s): cpu = 00:00:00 ; elapsed = 00:00:00.001 . Memory (MB): peak = 1905.930 ; gain = 0.000
Wrote Device Cache: Time (s): cpu = 00:00:00 ; elapsed = 00:00:00.008 . Memory (MB): peak = 1905.930 ; gain = 0.000
Write Physdb Complete: Time (s): cpu = 00:00:00 ; elapsed = 00:00:00.062 . Memory (MB): peak = 1905.930 ; gain = 0.000
INFO: [Common 17-1381] The checkpoint 'C:/Users/vivado/Proyecto_Final/Proyecto_Final.runs/impl_1/top_fsm_placed.dcp' has been generated.
Command: phys_opt_design
Attempting to get a license for feature 'Implementation' and/or device 'xc7a35t'
INFO: [Common 17-349] Got license for feature 'Implementation' and/or device 'xc7a35t'

Starting Initial Update Timing Task
INFO: [Timing 38-35] Done setting XDC timing constraints.

Time (s): cpu = 00:00:00 ; elapsed = 00:00:00.044 . Memory (MB): peak = 1905.930 ; gain = 0.000
INFO: [Vivado_Tcl 4-383] Design worst setup slack (WNS) is greater than or equal to 0.000 ns. Skipping all physical synthesis optimizations.
INFO: [Vivado_Tcl 4-232] No setup violation found. The netlist was not modified.
INFO: [Common 17-83] Releasing license: Implementation
54 Infos, 60 Warnings, 58 Critical Warnings and 0 Errors encountered.
phys_opt_design completed successfully
INFO: [Timing 38-480] Writing timing data to binary archive.
Write ShapeDB Complete: Time (s): cpu = 00:00:00 ; elapsed = 00:00:00.002 . Memory (MB): peak = 1913.785 ; gain = 0.000
Wrote PlaceDB: Time (s): cpu = 00:00:00 ; elapsed = 00:00:00.010 . Memory (MB): peak = 1913.785 ; gain = 0.000
Wrote PulsedLatchDB: Time (s): cpu = 00:00:00 ; elapsed = 00:00:00 . Memory (MB): peak = 1913.785 ; gain = 0.000
Writing XDEF routing.
Writing XDEF routing logical nets.
Writing XDEF routing special nets.
Wrote RouteStorage: Time (s): cpu = 00:00:00 ; elapsed = 00:00:00.023 . Memory (MB): peak = 1913.785 ; gain = 0.000
Wrote Netlist Cache: Time (s): cpu = 00:00:00 ; elapsed = 00:00:00 . Memory (MB): peak = 1913.785 ; gain = 0.000
Wrote Device Cache: Time (s): cpu = 00:00:00 ; elapsed = 00:00:00.011 . Memory (MB): peak = 1913.785 ; gain = 0.000
Write Physdb Complete: Time (s): cpu = 00:00:00 ; elapsed = 00:00:00.055 . Memory (MB): peak = 1913.785 ; gain = 0.000
INFO: [Common 17-1381] The checkpoint 'C:/Users/vivado/Proyecto_Final/Proyecto_Final.runs/impl_1/top_fsm_physopt.dcp' has been generated.
Command: route_design
Attempting to get a license for feature 'Implementation' and/or device 'xc7a35t'
INFO: [Common 17-349] Got license for feature 'Implementation' and/or device 'xc7a35t'
Running DRC as a precondition to command route_design
INFO: [DRC 23-27] Running DRC with 2 threads
INFO: [Vivado_Tcl 4-198] DRC finished with 0 Errors
INFO: [Vivado_Tcl 4-199] Please refer to the DRC report (report_drc) for more information.


Starting Routing Task
INFO: [Route 35-254] Multithreading enabled for route_design using a maximum of 8 CPUs

Phase 1 Build RT Design
Checksum: PlaceDB: cdad14d6 ConstDB: 0 ShapeSum: 5b0f1ad1 RouteDB: 0
Post Restoration Checksum: NetGraph: ce1b2714 | NumContArr: 4034687f | Constraints: c2a8fa9d | Timing: c2a8fa9d
Phase 1 Build RT Design | Checksum: 293a184cd

Time (s): cpu = 00:00:16 ; elapsed = 00:00:29 . Memory (MB): peak = 2022.723 ; gain = 95.941

Phase 2 Router Initialization

Phase 2.1 Fix Topology Constraints
Phase 2.1 Fix Topology Constraints | Checksum: 293a184cd

Time (s): cpu = 00:00:16 ; elapsed = 00:00:29 . Memory (MB): peak = 2022.770 ; gain = 95.988

Phase 2.2 Pre Route Cleanup
Phase 2.2 Pre Route Cleanup | Checksum: 293a184cd

Time (s): cpu = 00:00:16 ; elapsed = 00:00:29 . Memory (MB): peak = 2022.770 ; gain = 95.988
 Number of Nodes with overlaps = 0

Phase 2.3 Update Timing
Phase 2.3 Update Timing | Checksum: 1e1673fa6

Time (s): cpu = 00:00:16 ; elapsed = 00:00:30 . Memory (MB): peak = 2060.934 ; gain = 134.152
INFO: [Route 35-416] Intermediate Timing Summary | WNS=7.394  | TNS=0.000  | WHS=0.004  | THS=0.000  |


Router Utilization Summary
  Global Vertical Routing Utilization    = 0.0379495 %
  Global Horizontal Routing Utilization  = 0.0295419 %
  Routable Net Status*
  *Does not include unroutable nets such as driverless and loadless.
  Run report_route_status for detailed report.
  Number of Failed Nets               = 60
    (Failed Nets is the sum of unrouted and partially routed nets)
  Number of Unrouted Nets             = 56
  Number of Partially Routed Nets     = 4
  Number of Node Overlaps             = 2

Phase 2 Router Initialization | Checksum: 1c689ab5a

Time (s): cpu = 00:00:16 ; elapsed = 00:00:30 . Memory (MB): peak = 2069.492 ; gain = 142.711

Phase 3 Initial Routing

Phase 3.1 Global Routing
Phase 3.1 Global Routing | Checksum: 1c689ab5a

Time (s): cpu = 00:00:16 ; elapsed = 00:00:30 . Memory (MB): peak = 2069.492 ; gain = 142.711

Phase 3.2 Initial Net Routing
Phase 3.2 Initial Net Routing | Checksum: 2a61f2e13

Time (s): cpu = 00:00:16 ; elapsed = 00:00:30 . Memory (MB): peak = 2069.492 ; gain = 142.711
Phase 3 Initial Routing | Checksum: 2a61f2e13

Time (s): cpu = 00:00:16 ; elapsed = 00:00:30 . Memory (MB): peak = 2069.492 ; gain = 142.711

Phase 4 Rip-up And Reroute

Phase 4.1 Global Iteration 0
 Number of Nodes with overlaps = 1
 Number of Nodes with overlaps = 0
INFO: [Route 35-416] Intermediate Timing Summary | WNS=7.110  | TNS=0.000  | WHS=N/A    | THS=N/A    |

Phase 4.1 Global Iteration 0 | Checksum: 2ac9e1387

Time (s): cpu = 00:00:16 ; elapsed = 00:00:30 . Memory (MB): peak = 2069.492 ; gain = 142.711
Phase 4 Rip-up And Reroute | Checksum: 2ac9e1387

Time (s): cpu = 00:00:16 ; elapsed = 00:00:30 . Memory (MB): peak = 2069.492 ; gain = 142.711

Phase 5 Delay and Skew Optimization

Phase 5.1 Delay CleanUp
Phase 5.1 Delay CleanUp | Checksum: 2ac9e1387

Time (s): cpu = 00:00:16 ; elapsed = 00:00:30 . Memory (MB): peak = 2069.492 ; gain = 142.711

Phase 5.2 Clock Skew Optimization
Phase 5.2 Clock Skew Optimization | Checksum: 2ac9e1387

Time (s): cpu = 00:00:16 ; elapsed = 00:00:30 . Memory (MB): peak = 2069.492 ; gain = 142.711
Phase 5 Delay and Skew Optimization | Checksum: 2ac9e1387

Time (s): cpu = 00:00:16 ; elapsed = 00:00:30 . Memory (MB): peak = 2069.492 ; gain = 142.711

Phase 6 Post Hold Fix

Phase 6.1 Hold Fix Iter

Phase 6.1.1 Update Timing
Phase 6.1.1 Update Timing | Checksum: 2c8a011cf

Time (s): cpu = 00:00:16 ; elapsed = 00:00:30 . Memory (MB): peak = 2069.492 ; gain = 142.711
INFO: [Route 35-416] Intermediate Timing Summary | WNS=7.203  | TNS=0.000  | WHS=0.308  | THS=0.000  |

Phase 6.1 Hold Fix Iter | Checksum: 2c8a011cf

Time (s): cpu = 00:00:16 ; elapsed = 00:00:30 . Memory (MB): peak = 2069.492 ; gain = 142.711
Phase 6 Post Hold Fix | Checksum: 2c8a011cf

Time (s): cpu = 00:00:16 ; elapsed = 00:00:30 . Memory (MB): peak = 2069.492 ; gain = 142.711

Phase 7 Route finalize

Router Utilization Summary
  Global Vertical Routing Utilization    = 0.0454437 %
  Global Horizontal Routing Utilization  = 0.0478917 %
  Routable Net Status*
  *Does not include unroutable nets such as driverless and loadless.
  Run report_route_status for detailed report.
  Number of Failed Nets               = 0
    (Failed Nets is the sum of unrouted and partially routed nets)
  Number of Unrouted Nets             = 0
  Number of Partially Routed Nets     = 0
  Number of Node Overlaps             = 0

Phase 7 Route finalize | Checksum: 2c8a011cf

Time (s): cpu = 00:00:16 ; elapsed = 00:00:30 . Memory (MB): peak = 2069.492 ; gain = 142.711

Phase 8 Verifying routed nets

 Verification completed successfully
Phase 8 Verifying routed nets | Checksum: 2c8a011cf

Time (s): cpu = 00:00:16 ; elapsed = 00:00:30 . Memory (MB): peak = 2069.492 ; gain = 142.711

Phase 9 Depositing Routes
Phase 9 Depositing Routes | Checksum: 26c629528

Time (s): cpu = 00:00:16 ; elapsed = 00:00:30 . Memory (MB): peak = 2069.492 ; gain = 142.711

Phase 10 Post Router Timing
INFO: [Route 35-57] Estimated Timing Summary | WNS=7.203  | TNS=0.000  | WHS=0.308  | THS=0.000  |

INFO: [Route 35-327] The final timing numbers are based on the router estimated timing analysis. For a complete and accurate timing signoff, please run report_timing_summary.
Phase 10 Post Router Timing | Checksum: 26c629528

Time (s): cpu = 00:00:16 ; elapsed = 00:00:30 . Memory (MB): peak = 2069.492 ; gain = 142.711
INFO: [Route 35-16] Router Completed Successfully

Phase 11 Post-Route Event Processing
Phase 11 Post-Route Event Processing | Checksum: ff6a90b7

Time (s): cpu = 00:00:16 ; elapsed = 00:00:30 . Memory (MB): peak = 2069.492 ; gain = 142.711
Ending Routing Task | Checksum: ff6a90b7

Time (s): cpu = 00:00:16 ; elapsed = 00:00:30 . Memory (MB): peak = 2069.492 ; gain = 142.711

Routing Is Done.
INFO: [Common 17-83] Releasing license: Implementation
68 Infos, 60 Warnings, 58 Critical Warnings and 0 Errors encountered.
route_design completed successfully
route_design: Time (s): cpu = 00:00:17 ; elapsed = 00:00:31 . Memory (MB): peak = 2069.492 ; gain = 155.707
INFO: [runtcl-4] Executing : report_drc -file top_fsm_drc_routed.rpt -pb top_fsm_drc_routed.pb -rpx top_fsm_drc_routed.rpx
Command: report_drc -file top_fsm_drc_routed.rpt -pb top_fsm_drc_routed.pb -rpx top_fsm_drc_routed.rpx
INFO: [IP_Flow 19-1839] IP Catalog is up to date.
INFO: [DRC 23-27] Running DRC with 2 threads
INFO: [Vivado_Tcl 2-168] The results of DRC are in file C:/Users/vivado/Proyecto_Final/Proyecto_Final.runs/impl_1/top_fsm_drc_routed.rpt.
report_drc completed successfully
INFO: [runtcl-4] Executing : report_methodology -file top_fsm_methodology_drc_routed.rpt -pb top_fsm_methodology_drc_routed.pb -rpx top_fsm_methodology_drc_routed.rpx
Command: report_methodology -file top_fsm_methodology_drc_routed.rpt -pb top_fsm_methodology_drc_routed.pb -rpx top_fsm_methodology_drc_routed.rpx
INFO: [Timing 38-35] Done setting XDC timing constraints.
INFO: [DRC 23-133] Running Methodology with 2 threads
INFO: [Vivado_Tcl 2-1520] The results of Report Methodology are in file C:/Users/vivado/Proyecto_Final/Proyecto_Final.runs/impl_1/top_fsm_methodology_drc_routed.rpt.
report_methodology completed successfully
INFO: [runtcl-4] Executing : report_power -file top_fsm_power_routed.rpt -pb top_fsm_power_summary_routed.pb -rpx top_fsm_power_routed.rpx
Command: report_power -file top_fsm_power_routed.rpt -pb top_fsm_power_summary_routed.pb -rpx top_fsm_power_routed.rpx
INFO: [Timing 38-35] Done setting XDC timing constraints.
Running Vector-less Activity Propagation...

Finished Running Vector-less Activity Propagation
78 Infos, 60 Warnings, 58 Critical Warnings and 0 Errors encountered.
report_power completed successfully
INFO: [runtcl-4] Executing : report_route_status -file top_fsm_route_status.rpt -pb top_fsm_route_status.pb
INFO: [runtcl-4] Executing : report_timing_summary -max_paths 10 -report_unconstrained -file top_fsm_timing_summary_routed.rpt -pb top_fsm_timing_summary_routed.pb -rpx top_fsm_timing_summary_routed.rpx -warn_on_violation 
INFO: [Timing 38-91] UpdateTimingParams: Speed grade: -1, Delay Type: min_max.
INFO: [Timing 38-191] Multithreading enabled for timing update using a maximum of 2 CPUs
INFO: [runtcl-4] Executing : report_incremental_reuse -file top_fsm_incremental_reuse_routed.rpt
INFO: [Vivado_Tcl 4-1062] Incremental flow is disabled. No incremental reuse Info to report.
INFO: [runtcl-4] Executing : report_clock_utilization -file top_fsm_clock_utilization_routed.rpt
INFO: [runtcl-4] Executing : report_bus_skew -warn_on_violation -file top_fsm_bus_skew_routed.rpt -pb top_fsm_bus_skew_routed.pb -rpx top_fsm_bus_skew_routed.rpx
INFO: [Timing 38-91] UpdateTimingParams: Speed grade: -1, Delay Type: min_max.
INFO: [Timing 38-191] Multithreading enabled for timing update using a maximum of 2 CPUs
INFO: [Timing 38-480] Writing timing data to binary archive.
Write ShapeDB Complete: Time (s): cpu = 00:00:00 ; elapsed = 00:00:00.002 . Memory (MB): peak = 2070.102 ; gain = 0.000
Wrote PlaceDB: Time (s): cpu = 00:00:00 ; elapsed = 00:00:00.007 . Memory (MB): peak = 2070.102 ; gain = 0.000
Wrote PulsedLatchDB: Time (s): cpu = 00:00:00 ; elapsed = 00:00:00 . Memory (MB): peak = 2070.102 ; gain = 0.000
Writing XDEF routing.
Writing XDEF routing logical nets.
Writing XDEF routing special nets.
Wrote RouteStorage: Time (s): cpu = 00:00:00 ; elapsed = 00:00:00.029 . Memory (MB): peak = 2070.102 ; gain = 0.000
Wrote Netlist Cache: Time (s): cpu = 00:00:00 ; elapsed = 00:00:00.001 . Memory (MB): peak = 2070.102 ; gain = 0.000
Wrote Device Cache: Time (s): cpu = 00:00:00 ; elapsed = 00:00:00.011 . Memory (MB): peak = 2070.102 ; gain = 0.000
Write Physdb Complete: Time (s): cpu = 00:00:00 ; elapsed = 00:00:00.058 . Memory (MB): peak = 2070.102 ; gain = 0.000
INFO: [Common 17-1381] The checkpoint 'C:/Users/vivado/Proyecto_Final/Proyecto_Final.runs/impl_1/top_fsm_routed.dcp' has been generated.
INFO: [Common 17-206] Exiting Vivado at Tue May  7 23:50:20 2024...
